

*******************************************************************************
Wed Nov  2 12:30:01 2022


FIT:    data read from "DADOS_BC.dat" using 1:2
        format = x:z
        #datapoints = 6
        residuals are weighted equally (unit weight)

function used for fitting: f(x)
	f(x)=A*x+B
fitted parameters initialized with current variable values

iter      chisq       delta/lim  lambda   A             B            
   0 2.8808105058e+00   0.00e+00  1.14e+00    1.000000e+00   1.000000e+00
   4 6.5401606059e-03  -3.18e-05  1.14e-04    1.740770e+00   7.256692e-01

After 4 iterations the fit converged.
final sum of squares of residuals : 0.00654016
rel. change during last iteration : -3.18262e-10

degrees of freedom    (FIT_NDF)                        : 4
rms of residuals      (FIT_STDFIT) = sqrt(WSSR/ndf)    : 0.0404356
variance of residuals (reduced chisquare) = WSSR/ndf   : 0.00163504

Final set of parameters            Asymptotic Standard Error
=======================            ==========================
A               = 1.74077          +/- 0.03211      (1.845%)
B               = 0.725669         +/- 0.04046      (5.576%)

correlation matrix of the fit parameters:
                A      B      
A               1.000 
B              -0.913  1.000 
