

*******************************************************************************
Wed Nov  2 12:29:36 2022


FIT:    data read from "DADOS_BC.dat" using 1:2
        format = x:z
        #datapoints = 6
        residuals are weighted equally (unit weight)

function used for fitting: f(x)
	f(x)=A*x +B
fitted parameters initialized with current variable values

iter      chisq       delta/lim  lambda   A             B            
   0 2.8089388218e+00   0.00e+00  1.14e+00    1.000000e+00   1.000000e+00
   4 5.9913260587e-03  -3.21e-05  1.14e-04    1.721667e+00   7.437377e-01

After 4 iterations the fit converged.
final sum of squares of residuals : 0.00599133
rel. change during last iteration : -3.21024e-10

degrees of freedom    (FIT_NDF)                        : 4
rms of residuals      (FIT_STDFIT) = sqrt(WSSR/ndf)    : 0.0387018
variance of residuals (reduced chisquare) = WSSR/ndf   : 0.00149783

Final set of parameters            Asymptotic Standard Error
=======================            ==========================
A               = 1.72167          +/- 0.03073      (1.785%)
B               = 0.743738         +/- 0.03873      (5.207%)

correlation matrix of the fit parameters:
                A      B      
A               1.000 
B              -0.913  1.000 
