

*******************************************************************************
Mon Nov  7 15:12:00 2022


FIT:    data read from "DADOS_BC.dat" using 1:2
        format = x:z
        #datapoints = 6
        residuals are weighted equally (unit weight)

function used for fitting: f(x)
	f(x) = A*x+B
fitted parameters initialized with current variable values

iter      chisq       delta/lim  lambda   A             B            
   0 6.5935264984e+00   0.00e+00  1.14e+00    1.000000e+00   1.000000e+00
   4 5.8400500662e-02  -1.11e-06  1.14e-04    1.749423e+00   1.107698e+00

After 4 iterations the fit converged.
final sum of squares of residuals : 0.0584005
rel. change during last iteration : -1.11062e-11

degrees of freedom    (FIT_NDF)                        : 4
rms of residuals      (FIT_STDFIT) = sqrt(WSSR/ndf)    : 0.120831
variance of residuals (reduced chisquare) = WSSR/ndf   : 0.0146001

Final set of parameters            Asymptotic Standard Error
=======================            ==========================
A               = 1.74942          +/- 0.09595      (5.485%)
B               = 1.1077           +/- 0.1209       (10.92%)

correlation matrix of the fit parameters:
                A      B      
A               1.000 
B              -0.913  1.000 
