

*******************************************************************************
Sat Oct 29 09:29:17 2022


FIT:    data read from "DADOS_BC.dat" using 1:2
        format = x:z
        #datapoints = 6
        residuals are weighted equally (unit weight)

function used for fitting: f(x)
	f(x)=A*x+B
fitted parameters initialized with current variable values

iter      chisq       delta/lim  lambda   A             B            
   0 2.6574545932e+00   0.00e+00  1.14e+00    1.000000e+00   1.000000e+00
   4 4.6151996997e-03  -4.14e-05  1.14e-04    1.710761e+00   7.377931e-01

After 4 iterations the fit converged.
final sum of squares of residuals : 0.0046152
rel. change during last iteration : -4.14157e-10

degrees of freedom    (FIT_NDF)                        : 4
rms of residuals      (FIT_STDFIT) = sqrt(WSSR/ndf)    : 0.0339676
variance of residuals (reduced chisquare) = WSSR/ndf   : 0.0011538

Final set of parameters            Asymptotic Standard Error
=======================            ==========================
A               = 1.71076          +/- 0.02697      (1.577%)
B               = 0.737793         +/- 0.03399      (4.607%)

correlation matrix of the fit parameters:
                A      B      
A               1.000 
B              -0.913  1.000 
