

*******************************************************************************
Sat Oct 29 09:39:34 2022


FIT:    data read from "DADOS_BC.dat" using 1:2
        format = x:z
        #datapoints = 6
        residuals are weighted equally (unit weight)

function used for fitting: f(x)
	f(x)=A*x+B
fitted parameters initialized with current variable values

iter      chisq       delta/lim  lambda   A             B            
   0 5.9492800896e+00   0.00e+00  1.14e+00    1.000000e+00   1.000000e+00
   4 5.2026187631e-02  -1.13e-06  1.14e-04    1.712655e+00   1.101296e+00

After 4 iterations the fit converged.
final sum of squares of residuals : 0.0520262
rel. change during last iteration : -1.13303e-11

degrees of freedom    (FIT_NDF)                        : 4
rms of residuals      (FIT_STDFIT) = sqrt(WSSR/ndf)    : 0.114046
variance of residuals (reduced chisquare) = WSSR/ndf   : 0.0130065

Final set of parameters            Asymptotic Standard Error
=======================            ==========================
A               = 1.71266          +/- 0.09056      (5.288%)
B               = 1.1013           +/- 0.1141       (10.36%)

correlation matrix of the fit parameters:
                A      B      
A               1.000 
B              -0.913  1.000 
