

*******************************************************************************
Tue Nov  8 09:08:37 2022


FIT:    data read from "DADOS_BC.dat" using 1:2
        format = x:z
        #datapoints = 6
        residuals are weighted equally (unit weight)

function used for fitting: f(x)
	f(x)=A*x+B
fitted parameters initialized with current variable values

iter      chisq       delta/lim  lambda   A             B            
   0 6.6657296925e+00   0.00e+00  1.14e+00    1.000000e+00   1.000000e+00
   4 6.3418742132e-02  -1.03e-06  1.14e-04    1.753212e+00   1.108322e+00

After 4 iterations the fit converged.
final sum of squares of residuals : 0.0634187
rel. change during last iteration : -1.03326e-11

degrees of freedom    (FIT_NDF)                        : 4
rms of residuals      (FIT_STDFIT) = sqrt(WSSR/ndf)    : 0.125915
variance of residuals (reduced chisquare) = WSSR/ndf   : 0.0158547

Final set of parameters            Asymptotic Standard Error
=======================            ==========================
A               = 1.75321          +/- 0.09999      (5.703%)
B               = 1.10832          +/- 0.126        (11.37%)

correlation matrix of the fit parameters:
                A      B      
A               1.000 
B              -0.913  1.000 
