

*******************************************************************************
Wed Nov  2 12:30:25 2022


FIT:    data read from "DADOS_BC.dat" using 1:2
        format = x:z
        #datapoints = 6
        residuals are weighted equally (unit weight)

function used for fitting: f(x)
	f(x)=A*x+B
fitted parameters initialized with current variable values

iter      chisq       delta/lim  lambda   A             B            
   0 2.8792837782e+00   0.00e+00  1.14e+00    1.000000e+00   1.000000e+00
   4 7.4707487653e-03  -2.52e-05  1.14e-04    1.722011e+00   7.531416e-01

After 4 iterations the fit converged.
final sum of squares of residuals : 0.00747075
rel. change during last iteration : -2.51711e-10

degrees of freedom    (FIT_NDF)                        : 4
rms of residuals      (FIT_STDFIT) = sqrt(WSSR/ndf)    : 0.0432167
variance of residuals (reduced chisquare) = WSSR/ndf   : 0.00186769

Final set of parameters            Asymptotic Standard Error
=======================            ==========================
A               = 1.72201          +/- 0.03432      (1.993%)
B               = 0.753142         +/- 0.04325      (5.742%)

correlation matrix of the fit parameters:
                A      B      
A               1.000 
B              -0.913  1.000 
