

*******************************************************************************
Sat Oct 29 09:39:00 2022


FIT:    data read from "DADOS_BC.dat" using 1:2
        format = x:z
        #datapoints = 6
        residuals are weighted equally (unit weight)

function used for fitting: f(x)
	f(x)=A*x+B
fitted parameters initialized with current variable values

iter      chisq       delta/lim  lambda   A             B            
   0 5.7669131683e+00   0.00e+00  1.14e+00    1.000000e+00   1.000000e+00
   4 5.3318672651e-02  -1.13e-06  1.14e-04    1.706928e+00   1.092306e+00

After 4 iterations the fit converged.
final sum of squares of residuals : 0.0533187
rel. change during last iteration : -1.12824e-11

degrees of freedom    (FIT_NDF)                        : 4
rms of residuals      (FIT_STDFIT) = sqrt(WSSR/ndf)    : 0.115454
variance of residuals (reduced chisquare) = WSSR/ndf   : 0.0133297

Final set of parameters            Asymptotic Standard Error
=======================            ==========================
A               = 1.70693          +/- 0.09168      (5.371%)
B               = 1.09231          +/- 0.1155       (10.58%)

correlation matrix of the fit parameters:
                A      B      
A               1.000 
B              -0.913  1.000 
